Time: 0:12:18	epoch: 1 [100/252]	BCEloss: 4.917e-01
Time: 0:24:00	epoch: 1 [200/252]	BCEloss: 4.674e-01
Time: 0:30:10	epoch: 1 [252/252]	BCEloss: 4.600e-01
ACC: 0.29288389513108615 out of total:1335
[0.88818226 0.75613648 0.80659365 0.86992847 0.70731219 0.73540475]
mean_auc: 0.793926
save model
Time: 0:43:25	epoch: 2 [100/252]	BCEloss: 4.198e-01
Time: 0:55:20	epoch: 2 [200/252]	BCEloss: 4.201e-01
Time: 1:01:32	epoch: 2 [252/252]	BCEloss: 4.169e-01
ACC: 0.31161048689138576 out of total:1335
[0.89529488 0.78527597 0.81432309 0.89224288 0.73831281 0.73185663]
mean_auc: 0.809551
save model
Time: 1:14:51	epoch: 3 [100/252]	BCEloss: 4.008e-01
Time: 1:26:39	epoch: 3 [200/252]	BCEloss: 3.984e-01
Time: 1:32:52	epoch: 3 [252/252]	BCEloss: 3.949e-01
ACC: 0.35655430711610486 out of total:1335
[0.91733419 0.79595907 0.85529944 0.90839419 0.7702617  0.77977989]
mean_auc: 0.837838
save model
Time: 1:46:21	epoch: 4 [100/252]	BCEloss: 3.682e-01
Time: 1:58:11	epoch: 4 [200/252]	BCEloss: 3.732e-01
Time: 2:04:20	epoch: 4 [252/252]	BCEloss: 3.743e-01
ACC: 0.36779026217228467 out of total:1335
[0.91936987 0.84472239 0.8637417  0.91681017 0.77438732 0.79994017]
mean_auc: 0.853162
save model
Time: 2:17:51	epoch: 5 [100/252]	BCEloss: 3.657e-01
Time: 2:29:42	epoch: 5 [200/252]	BCEloss: 3.608e-01
Time: 2:35:55	epoch: 5 [252/252]	BCEloss: 3.614e-01
ACC: 0.38352059925093634 out of total:1335
[0.92449341 0.84095602 0.8663524  0.92537588 0.80015702 0.79863406]
mean_auc: 0.859328
save model
Time: 2:49:30	epoch: 6 [100/252]	BCEloss: 3.369e-01
Time: 3:01:20	epoch: 6 [200/252]	BCEloss: 3.485e-01
Time: 3:07:35	epoch: 6 [252/252]	BCEloss: 3.506e-01
ACC: 0.3700374531835206 out of total:1335
[0.92700245 0.81757462 0.88617323 0.93002117 0.76970443 0.77409639]
mean_auc: 0.850762
Time: 3:20:55	epoch: 7 [100/252]	BCEloss: 3.409e-01
Time: 3:32:37	epoch: 7 [200/252]	BCEloss: 3.442e-01
Time: 3:38:42	epoch: 7 [252/252]	BCEloss: 3.417e-01
ACC: 0.36404494382022473 out of total:1335
[0.92649721 0.84915169 0.88634337 0.93302955 0.80993842 0.81251259]
mean_auc: 0.869579
save model
Time: 3:52:00	epoch: 8 [100/252]	BCEloss: 3.319e-01
Time: 4:03:58	epoch: 8 [200/252]	BCEloss: 3.316e-01
Time: 4:10:09	epoch: 8 [252/252]	BCEloss: 3.306e-01
ACC: 0.32808988764044944 out of total:1335
[0.92424815 0.79934998 0.87885739 0.92728504 0.80986145 0.80139141]
mean_auc: 0.856832
Time: 4:23:30	epoch: 9 [100/252]	BCEloss: 3.215e-01
Time: 4:35:16	epoch: 9 [200/252]	BCEloss: 3.240e-01
Time: 4:41:27	epoch: 9 [252/252]	BCEloss: 3.250e-01
ACC: 0.4434456928838951 out of total:1335
[0.9281282  0.85406205 0.888561   0.93884552 0.81384852 0.81235562]
mean_auc: 0.872633
save model
Time: 4:54:57	epoch: 10 [100/252]	BCEloss: 3.174e-01
Time: 5:06:36	epoch: 10 [200/252]	BCEloss: 3.168e-01
Time: 5:12:47	epoch: 10 [252/252]	BCEloss: 3.167e-01
ACC: 0.42921348314606744 out of total:1335
[0.9337251  0.85880227 0.89373841 0.93800494 0.8309883  0.81109689]
mean_auc: 0.877726
save model
Time: 5:26:06	epoch: 11 [100/252]	BCEloss: 3.058e-01
Time: 5:38:08	epoch: 11 [200/252]	BCEloss: 3.121e-01
Time: 5:44:19	epoch: 11 [252/252]	BCEloss: 3.115e-01
ACC: 0.4202247191011236 out of total:1335
[0.93380358 0.87609119 0.88784819 0.94257536 0.82378695 0.82175901]
mean_auc: 0.880977
save model
Time: 5:57:33	epoch: 12 [100/252]	BCEloss: 2.989e-01
Time: 6:09:22	epoch: 12 [200/252]	BCEloss: 3.031e-01
Time: 6:15:32	epoch: 12 [252/252]	BCEloss: 3.038e-01
ACC: 0.45243445692883894 out of total:1335
[0.93162933 0.8592012  0.89636965 0.94539997 0.83563732 0.83220789]
mean_auc: 0.883408
save model
Time: 6:28:45	epoch: 13 [100/252]	BCEloss: 2.913e-01
Time: 6:40:34	epoch: 13 [200/252]	BCEloss: 2.949e-01
Time: 6:46:43	epoch: 13 [252/252]	BCEloss: 2.944e-01
ACC: 0.49063670411985016 out of total:1335
[0.93943482 0.85211433 0.90526365 0.95006908 0.84061576 0.83220196]
mean_auc: 0.886617
save model
Time: 7:00:01	epoch: 14 [100/252]	BCEloss: 2.886e-01
Time: 7:11:49	epoch: 14 [200/252]	BCEloss: 2.889e-01
Time: 7:17:45	epoch: 14 [252/252]	BCEloss: 2.872e-01
ACC: 0.46142322097378274 out of total:1335
[0.94242702 0.85656122 0.90549832 0.94146934 0.82116071 0.83065596]
mean_auc: 0.882962
Time: 7:31:01	epoch: 15 [100/252]	BCEloss: 2.789e-01
Time: 7:42:47	epoch: 15 [200/252]	BCEloss: 2.826e-01
Time: 7:49:00	epoch: 15 [252/252]	BCEloss: 2.840e-01
ACC: 0.49812734082397003 out of total:1335
[0.94267474 0.85681936 0.90806209 0.9409929  0.83971675 0.83504816]
mean_auc: 0.887219
save model
Time: 8:02:27	epoch: 16 [100/252]	BCEloss: 2.722e-01
Time: 8:14:13	epoch: 16 [200/252]	BCEloss: 2.778e-01
Time: 8:20:23	epoch: 16 [252/252]	BCEloss: 2.795e-01
ACC: 0.448689138576779 out of total:1335
[0.94229949 0.86150678 0.91110401 0.94280337 0.82290025 0.82263271]
mean_auc: 0.883874
Time: 8:33:41	epoch: 17 [100/252]	BCEloss: 2.661e-01
Time: 8:45:23	epoch: 17 [200/252]	BCEloss: 2.683e-01
Time: 8:51:26	epoch: 17 [252/252]	BCEloss: 2.702e-01
ACC: 0.45692883895131087 out of total:1335
[0.93432967 0.86788966 0.90732288 0.95066123 0.85287254 0.83283873]
mean_auc: 0.890986
save model
Time: 9:04:19	epoch: 18 [100/252]	BCEloss: 2.585e-01
Time: 9:15:27	epoch: 18 [200/252]	BCEloss: 2.630e-01
Time: 9:21:21	epoch: 18 [252/252]	BCEloss: 2.642e-01
ACC: 0.4868913857677903 out of total:1335
[0.94597843 0.87908903 0.90717915 0.94677144 0.85209206 0.84487211]
mean_auc: 0.895997
save model
Time: 9:34:00	epoch: 19 [100/252]	BCEloss: 2.570e-01
Time: 9:45:22	epoch: 19 [200/252]	BCEloss: 2.595e-01
Time: 9:51:11	epoch: 19 [252/252]	BCEloss: 2.597e-01
ACC: 0.48314606741573035 out of total:1335
[0.9337251  0.88106608 0.91004212 0.95360495 0.85351293 0.82711673]
mean_auc: 0.893178
Time: 10:04:14	epoch: 20 [100/252]	BCEloss: 2.511e-01
Time: 10:15:38	epoch: 20 [200/252]	BCEloss: 2.529e-01
Time: 10:21:26	epoch: 20 [252/252]	BCEloss: 2.552e-01
ACC: 0.503370786516854 out of total:1335
[0.94383974 0.87961703 0.91787131 0.95550731 0.84589286 0.8418571 ]
mean_auc: 0.897431
save model
Time: 10:34:19	epoch: 21 [100/252]	BCEloss: 2.440e-01
Time: 10:45:39	epoch: 21 [200/252]	BCEloss: 2.431e-01
Time: 10:51:31	epoch: 21 [252/252]	BCEloss: 2.436e-01
ACC: 0.43745318352059925 out of total:1335
[0.94069792 0.87698292 0.90631967 0.95122615 0.85156404 0.84029333]
mean_auc: 0.894514
Time: 11:04:07	epoch: 22 [100/252]	BCEloss: 2.325e-01
Time: 11:15:25	epoch: 22 [200/252]	BCEloss: 2.388e-01
Time: 11:21:12	epoch: 22 [252/252]	BCEloss: 2.394e-01
ACC: 0.48314606741573035 out of total:1335
[0.94349882 0.89210705 0.9063138  0.94487929 0.85560037 0.83433735]
mean_auc: 0.896123
Time: 11:33:51	epoch: 23 [100/252]	BCEloss: 2.331e-01
Time: 11:45:17	epoch: 23 [200/252]	BCEloss: 2.375e-01
Time: 11:51:09	epoch: 23 [252/252]	BCEloss: 2.353e-01
ACC: 0.49962546816479403 out of total:1335
[0.94672403 0.89048787 0.91798864 0.94500861 0.85592057 0.83877694]
mean_auc: 0.899151
save model
Time: 12:03:43	epoch: 24 [100/252]	BCEloss: 2.267e-01
Time: 12:14:56	epoch: 24 [200/252]	BCEloss: 2.255e-01
Time: 12:20:42	epoch: 24 [252/252]	BCEloss: 2.255e-01
ACC: 0.47415730337078654 out of total:1335
[0.93973404 0.89289318 0.92035294 0.94906175 0.84515702 0.840009  ]
mean_auc: 0.897868
Time: 12:33:13	epoch: 25 [100/252]	BCEloss: 2.093e-01
Time: 12:44:27	epoch: 25 [200/252]	BCEloss: 2.176e-01
Time: 12:50:14	epoch: 25 [252/252]	BCEloss: 2.185e-01
ACC: 0.49213483146067416 out of total:1335
[0.93697974 0.88290233 0.90401697 0.94806123 0.84457512 0.83563161]
mean_auc: 0.892028
Time: 13:03:05	epoch: 26 [100/252]	BCEloss: 2.062e-01
Time: 13:14:14	epoch: 26 [200/252]	BCEloss: 2.075e-01
Time: 13:20:04	epoch: 26 [252/252]	BCEloss: 2.118e-01
ACC: 0.5265917602996255 out of total:1335
[0.94287708 0.866775   0.91419872 0.95337694 0.85670259 0.84320172]
mean_auc: 0.896189
Time: 13:32:43	epoch: 27 [100/252]	BCEloss: 2.070e-01
Time: 13:43:59	epoch: 27 [200/252]	BCEloss: 2.048e-01
Time: 13:49:53	epoch: 27 [252/252]	BCEloss: 2.074e-01
ACC: 0.4853932584269663 out of total:1335
[0.9357056  0.89284625 0.9132571  0.95132484 0.85495998 0.84202296]
mean_auc: 0.898353
Time: 14:02:39	epoch: 28 [100/252]	BCEloss: 1.981e-01
Time: 14:13:59	epoch: 28 [200/252]	BCEloss: 1.978e-01
Time: 14:19:50	epoch: 28 [252/252]	BCEloss: 1.992e-01
ACC: 0.500374531835206 out of total:1335
[0.94987565 0.89887126 0.91580621 0.94159185 0.86684421 0.83702065]
mean_auc: 0.901668
save model
Time: 14:32:10	epoch: 29 [100/252]	BCEloss: 1.818e-01
Time: 14:43:26	epoch: 29 [200/252]	BCEloss: 1.884e-01
Time: 14:49:13	epoch: 29 [252/252]	BCEloss: 1.895e-01
ACC: 0.4749063670411985 out of total:1335
[0.94009457 0.88357113 0.90860477 0.94712536 0.85939039 0.84442786]
mean_auc: 0.897202
Time: 15:01:45	epoch: 30 [100/252]	BCEloss: 1.734e-01
Time: 15:13:09	epoch: 30 [200/252]	BCEloss: 1.781e-01
Time: 15:18:56	epoch: 30 [252/252]	BCEloss: 1.793e-01
ACC: 0.46441947565543074 out of total:1335
[0.9396997  0.88462125 0.91420165 0.95007929 0.85508313 0.84385921]
mean_auc: 0.897924
ACC: 0.500374531835206 out of total:1335
[0.94987565 0.89887126 0.91580621 0.94159185 0.86684421 0.83702065]
mean_auc: 0.901668
