Time: 0:11:10	epoch: 1 [100/252]	BCEloss: 4.276e-01
Time: 0:21:58	epoch: 1 [200/252]	BCEloss: 3.870e-01
Time: 0:27:34	epoch: 1 [252/252]	BCEloss: 3.781e-01
ACC: 0.4352059925093633 out of total:1335
[0.93658732 0.8397123  0.90519912 0.94769369 0.85018473 0.81131014]
mean_auc: 0.881781
save model
Time: 0:40:08	epoch: 2 [100/252]	BCEloss: 3.098e-01
Time: 0:50:54	epoch: 2 [200/252]	BCEloss: 3.088e-01
Time: 0:56:34	epoch: 2 [252/252]	BCEloss: 3.071e-01
ACC: 0.49063670411985016 out of total:1335
[0.94576505 0.86520275 0.92300178 0.95348924 0.86849138 0.84712893]
mean_auc: 0.900513
save model
Time: 1:08:51	epoch: 3 [100/252]	BCEloss: 2.759e-01
Time: 1:19:43	epoch: 3 [200/252]	BCEloss: 2.774e-01
Time: 1:25:25	epoch: 3 [252/252]	BCEloss: 2.761e-01
ACC: 0.5146067415730337 out of total:1335
[0.95492561 0.87539306 0.92988055 0.96366464 0.88563116 0.86260677]
mean_auc: 0.912017
save model
Time: 1:37:54	epoch: 4 [100/252]	BCEloss: 2.346e-01
Time: 1:48:46	epoch: 4 [200/252]	BCEloss: 2.452e-01
Time: 1:54:27	epoch: 4 [252/252]	BCEloss: 2.477e-01
ACC: 0.5108614232209738 out of total:1335
[0.95527143 0.88367086 0.9327054  0.96299762 0.88055419 0.87472012]
mean_auc: 0.914987
save model
Time: 2:06:44	epoch: 5 [100/252]	BCEloss: 2.251e-01
Time: 2:17:36	epoch: 5 [200/252]	BCEloss: 2.231e-01
Time: 2:23:10	epoch: 5 [252/252]	BCEloss: 2.268e-01
ACC: 0.5363295880149813 out of total:1335
[0.96237669 0.89380251 0.93569451 0.96761909 0.88833744 0.85622135]
mean_auc: 0.917342
save model
Time: 2:35:34	epoch: 6 [100/252]	BCEloss: 1.919e-01
Time: 2:46:29	epoch: 6 [200/252]	BCEloss: 2.027e-01
Time: 2:52:11	epoch: 6 [252/252]	BCEloss: 2.054e-01
ACC: 0.5438202247191011 out of total:1335
[0.95515616 0.90270216 0.93432169 0.96452904 0.89067426 0.87251662]
mean_auc: 0.919983
save model
Time: 3:04:39	epoch: 7 [100/252]	BCEloss: 1.810e-01
Time: 3:15:24	epoch: 7 [200/252]	BCEloss: 1.848e-01
Time: 3:20:57	epoch: 7 [252/252]	BCEloss: 1.847e-01
ACC: 0.552059925093633 out of total:1335
[0.96339453 0.91442366 0.93041149 0.96218427 0.88912869 0.88122105]
mean_auc: 0.923461
save model
Time: 3:33:13	epoch: 8 [100/252]	BCEloss: 1.571e-01
Time: 3:44:00	epoch: 8 [200/252]	BCEloss: 1.616e-01
Time: 3:49:34	epoch: 8 [252/252]	BCEloss: 1.628e-01
ACC: 0.5138576779026217 out of total:1335
[0.95815327 0.88456845 0.92864267 0.95944815 0.88605911 0.87173769]
mean_auc: 0.914768
Time: 4:01:45	epoch: 9 [100/252]	BCEloss: 1.355e-01
Time: 4:12:34	epoch: 9 [200/252]	BCEloss: 1.403e-01
Time: 4:18:05	epoch: 9 [252/252]	BCEloss: 1.416e-01
ACC: 0.5453183520599251 out of total:1335
[0.95453319 0.89797954 0.92230951 0.9562594  0.87328202 0.86644809]
mean_auc: 0.911802
Time: 4:30:14	epoch: 10 [100/252]	BCEloss: 1.124e-01
Time: 4:41:02	epoch: 10 [200/252]	BCEloss: 1.225e-01
Time: 4:46:42	epoch: 10 [252/252]	BCEloss: 1.246e-01
ACC: 0.5602996254681648 out of total:1335
[0.95467544 0.90749519 0.93504916 0.95930862 0.88333436 0.87284833]
mean_auc: 0.918785
Time: 4:59:01	epoch: 11 [100/252]	BCEloss: 1.039e-01
Time: 5:09:54	epoch: 11 [200/252]	BCEloss: 1.111e-01
Time: 5:15:26	epoch: 11 [252/252]	BCEloss: 1.118e-01
ACC: 0.5310861423220974 out of total:1335
[0.95839976 0.89973952 0.92993042 0.95906699 0.88903633 0.87192428]
mean_auc: 0.918016
Time: 5:27:38	epoch: 12 [100/252]	BCEloss: 8.969e-02
Time: 5:38:27	epoch: 12 [200/252]	BCEloss: 9.506e-02
Time: 5:44:07	epoch: 12 [252/252]	BCEloss: 9.632e-02
ACC: 0.5617977528089888 out of total:1335
[0.95723844 0.92676116 0.9286632  0.95910443 0.89478756 0.88505645]
mean_auc: 0.925269
save model
Time: 5:56:22	epoch: 13 [100/252]	BCEloss: 7.074e-02
Time: 6:07:05	epoch: 13 [200/252]	BCEloss: 7.307e-02
Time: 6:12:41	epoch: 13 [252/252]	BCEloss: 7.592e-02
ACC: 0.5722846441947566 out of total:1335
[0.95184021 0.9096893  0.92521942 0.950195   0.88378387 0.87067444]
mean_auc: 0.915234
Time: 6:24:57	epoch: 14 [100/252]	BCEloss: 7.276e-02
Time: 6:35:42	epoch: 14 [200/252]	BCEloss: 7.297e-02
Time: 6:41:22	epoch: 14 [252/252]	BCEloss: 7.301e-02
ACC: 0.5835205992509364 out of total:1335
[0.95757445 0.91877083 0.92789759 0.96163637 0.87622229 0.87437952]
mean_auc: 0.919414
Time: 6:53:46	epoch: 15 [100/252]	BCEloss: 5.408e-02
Time: 7:04:35	epoch: 15 [200/252]	BCEloss: 5.768e-02
Time: 7:10:11	epoch: 15 [252/252]	BCEloss: 6.004e-02
ACC: 0.5453183520599251 out of total:1335
[0.95283107 0.91273994 0.92588529 0.9555039  0.85087131 0.87973724]
mean_auc: 0.912928
Time: 7:22:30	epoch: 16 [100/252]	BCEloss: 5.083e-02
Time: 7:33:17	epoch: 16 [200/252]	BCEloss: 5.712e-02
Time: 7:39:02	epoch: 16 [252/252]	BCEloss: 5.771e-02
ACC: 0.5625468164794007 out of total:1335
[0.9510897  0.91841296 0.92269965 0.95478244 0.88184113 0.8635012 ]
mean_auc: 0.915388
Time: 7:51:40	epoch: 17 [100/252]	BCEloss: 4.200e-02
Time: 8:02:47	epoch: 17 [200/252]	BCEloss: 4.584e-02
Time: 8:08:32	epoch: 17 [252/252]	BCEloss: 4.896e-02
ACC: 0.5580524344569289 out of total:1335
[0.95338659 0.93059206 0.92957548 0.96018323 0.87186268 0.87592849]
mean_auc: 0.920255
Time: 8:21:16	epoch: 18 [100/252]	BCEloss: 4.602e-02
Time: 8:32:27	epoch: 18 [200/252]	BCEloss: 4.823e-02
Time: 8:38:13	epoch: 18 [252/252]	BCEloss: 4.632e-02
ACC: 0.5737827715355805 out of total:1335
[0.96014112 0.9136962  0.93165818 0.96282066 0.89198892 0.88255381]
mean_auc: 0.923810
Time: 8:51:01	epoch: 19 [100/252]	BCEloss: 4.174e-02
Time: 9:02:19	epoch: 19 [200/252]	BCEloss: 4.287e-02
Time: 9:08:07	epoch: 19 [252/252]	BCEloss: 4.311e-02
ACC: 0.5655430711610487 out of total:1335
[0.95715873 0.9259105  0.93178138 0.95998584 0.88394397 0.8863981 ]
mean_auc: 0.924196
Time: 9:21:00	epoch: 20 [100/252]	BCEloss: 3.337e-02
Time: 9:32:10	epoch: 20 [200/252]	BCEloss: 3.920e-02
Time: 9:37:57	epoch: 20 [252/252]	BCEloss: 4.027e-02
ACC: 0.5850187265917604 out of total:1335
[0.95942496 0.92101187 0.92934081 0.95996542 0.88983374 0.87648085]
mean_auc: 0.922676
Time: 9:50:41	epoch: 21 [100/252]	BCEloss: 3.498e-02
Time: 10:02:03	epoch: 21 [200/252]	BCEloss: 3.758e-02
Time: 10:07:55	epoch: 21 [252/252]	BCEloss: 3.810e-02
ACC: 0.5850187265917604 out of total:1335
[0.95992039 0.93164218 0.93833161 0.96107485 0.89710283 0.87167845]
mean_auc: 0.926625
save model
Time: 10:20:38	epoch: 22 [100/252]	BCEloss: 2.788e-02
Time: 10:31:50	epoch: 22 [200/252]	BCEloss: 3.042e-02
Time: 10:37:36	epoch: 22 [252/252]	BCEloss: 3.198e-02
ACC: 0.5752808988764045 out of total:1335
[0.96167156 0.93235791 0.92808826 0.95920482 0.89568658 0.86355747]
mean_auc: 0.923428
Time: 10:50:34	epoch: 23 [100/252]	BCEloss: 2.832e-02
Time: 11:01:54	epoch: 23 [200/252]	BCEloss: 3.261e-02
Time: 11:07:47	epoch: 23 [252/252]	BCEloss: 3.232e-02
ACC: 0.5513108614232209 out of total:1335
[0.95695271 0.92089454 0.93342114 0.95338375 0.88874076 0.86719148]
mean_auc: 0.920097
Time: 11:20:39	epoch: 24 [100/252]	BCEloss: 3.251e-02
Time: 11:32:02	epoch: 24 [200/252]	BCEloss: 3.295e-02
Time: 11:37:56	epoch: 24 [252/252]	BCEloss: 3.387e-02
ACC: 0.5782771535580524 out of total:1335
[0.95888415 0.91181889 0.93559184 0.96173166 0.8847814  0.88122697]
mean_auc: 0.922339
Time: 11:50:57	epoch: 25 [100/252]	BCEloss: 2.676e-02
Time: 12:02:18	epoch: 25 [200/252]	BCEloss: 2.948e-02
Time: 12:08:09	epoch: 25 [252/252]	BCEloss: 3.139e-02
ACC: 0.5782771535580524 out of total:1335
[0.96174024 0.9220268  0.92976468 0.95616071 0.89540948 0.87060336]
mean_auc: 0.922618
Time: 12:21:04	epoch: 26 [100/252]	BCEloss: 2.817e-02
Time: 12:32:24	epoch: 26 [200/252]	BCEloss: 2.804e-02
Time: 12:38:15	epoch: 26 [252/252]	BCEloss: 2.808e-02
ACC: 0.5925093632958801 out of total:1335
[0.95441669 0.91140822 0.93026189 0.9601526  0.89263855 0.87614174]
mean_auc: 0.920837
Time: 12:51:04	epoch: 27 [100/252]	BCEloss: 3.113e-02
Time: 13:02:23	epoch: 27 [200/252]	BCEloss: 3.011e-02
Time: 13:08:16	epoch: 27 [252/252]	BCEloss: 2.808e-02
ACC: 0.5790262172284644 out of total:1335
[0.9610069  0.91792017 0.92904161 0.95518401 0.88901632 0.88300399]
mean_auc: 0.922529
Time: 13:21:26	epoch: 28 [100/252]	BCEloss: 2.579e-02
Time: 13:32:48	epoch: 28 [200/252]	BCEloss: 2.538e-02
Time: 13:38:45	epoch: 28 [252/252]	BCEloss: 2.602e-02
ACC: 0.5715355805243446 out of total:1335
[0.95834703 0.93753813 0.93076057 0.96507014 0.88266933 0.86548258]
mean_auc: 0.923311
Time: 13:51:29	epoch: 29 [100/252]	BCEloss: 2.436e-02
Time: 14:02:48	epoch: 29 [200/252]	BCEloss: 3.130e-02
Time: 14:08:47	epoch: 29 [252/252]	BCEloss: 3.344e-02
ACC: 0.5498127340823971 out of total:1335
[0.95273664 0.92681396 0.92739745 0.9601526  0.88010776 0.87901606]
mean_auc: 0.921037
Time: 14:21:31	epoch: 30 [100/252]	BCEloss: 2.522e-02
Time: 14:32:41	epoch: 30 [200/252]	BCEloss: 2.576e-02
Time: 14:38:30	epoch: 30 [252/252]	BCEloss: 2.593e-02
ACC: 0.5692883895131086 out of total:1335
[0.96141526 0.92644436 0.93321287 0.967517   0.88025862 0.86947495]
mean_auc: 0.923054
ACC: 0.5850187265917604 out of total:1335
[0.95992039 0.93164218 0.93833161 0.96107485 0.89710283 0.87167845]
mean_auc: 0.926625