Time: 0:12:04	epoch: 1 [100/252]	BCEloss: 4.317e-01
Time: 0:23:28	epoch: 1 [200/252]	BCEloss: 3.894e-01
Time: 0:29:25	epoch: 1 [252/252]	BCEloss: 3.800e-01
Time: 0:40:41	epoch: 2 [100/252]	BCEloss: 3.057e-01
Time: 0:52:01	epoch: 2 [200/252]	BCEloss: 3.055e-01
Time: 0:57:48	epoch: 2 [252/252]	BCEloss: 3.040e-01
Time: 1:09:12	epoch: 3 [100/252]	BCEloss: 2.705e-01
Time: 1:20:18	epoch: 3 [200/252]	BCEloss: 2.708e-01
Time: 1:26:17	epoch: 3 [252/252]	BCEloss: 2.701e-01
Time: 1:37:59	epoch: 4 [100/252]	BCEloss: 2.473e-01
Time: 1:49:25	epoch: 4 [200/252]	BCEloss: 2.488e-01
Time: 1:55:16	epoch: 4 [252/252]	BCEloss: 2.504e-01
Time: 2:06:53	epoch: 5 [100/252]	BCEloss: 2.204e-01
Time: 2:18:12	epoch: 5 [200/252]	BCEloss: 2.269e-01
Time: 2:24:05	epoch: 5 [252/252]	BCEloss: 2.288e-01
Time: 2:35:23	epoch: 6 [100/252]	BCEloss: 1.966e-01
Time: 2:46:58	epoch: 6 [200/252]	BCEloss: 2.014e-01
Time: 2:52:58	epoch: 6 [252/252]	BCEloss: 2.027e-01
Time: 3:04:38	epoch: 7 [100/252]	BCEloss: 1.778e-01
Time: 3:16:15	epoch: 7 [200/252]	BCEloss: 1.789e-01
Time: 3:22:20	epoch: 7 [252/252]	BCEloss: 1.815e-01
Time: 3:33:56	epoch: 8 [100/252]	BCEloss: 1.531e-01
Time: 3:45:39	epoch: 8 [200/252]	BCEloss: 1.566e-01
Time: 3:51:45	epoch: 8 [252/252]	BCEloss: 1.584e-01
Time: 4:03:35	epoch: 9 [100/252]	BCEloss: 1.379e-01
Time: 4:15:19	epoch: 9 [200/252]	BCEloss: 1.409e-01
Time: 4:21:27	epoch: 9 [252/252]	BCEloss: 1.436e-01
Time: 4:33:17	epoch: 10 [100/252]	BCEloss: 1.284e-01
Time: 4:44:56	epoch: 10 [200/252]	BCEloss: 1.274e-01
Time: 4:50:56	epoch: 10 [252/252]	BCEloss: 1.278e-01
Time: 5:02:34	epoch: 11 [100/252]	BCEloss: 1.016e-01
Time: 5:14:14	epoch: 11 [200/252]	BCEloss: 1.051e-01
Time: 5:20:18	epoch: 11 [252/252]	BCEloss: 1.079e-01
Time: 5:31:53	epoch: 12 [100/252]	BCEloss: 9.003e-02
Time: 5:43:42	epoch: 12 [200/252]	BCEloss: 9.312e-02
Time: 5:49:51	epoch: 12 [252/252]	BCEloss: 9.542e-02
Time: 6:01:36	epoch: 13 [100/252]	BCEloss: 7.650e-02
Time: 6:13:19	epoch: 13 [200/252]	BCEloss: 8.227e-02
Time: 6:19:25	epoch: 13 [252/252]	BCEloss: 8.315e-02
Time: 6:31:14	epoch: 14 [100/252]	BCEloss: 6.547e-02
Time: 6:43:06	epoch: 14 [200/252]	BCEloss: 6.918e-02
Time: 6:49:21	epoch: 14 [252/252]	BCEloss: 6.790e-02
Time: 7:01:11	epoch: 15 [100/252]	BCEloss: 5.281e-02
Time: 7:12:58	epoch: 15 [200/252]	BCEloss: 5.975e-02
Time: 7:19:04	epoch: 15 [252/252]	BCEloss: 6.180e-02
Time: 7:30:34	epoch: 16 [100/252]	BCEloss: 5.549e-02
Time: 7:42:02	epoch: 16 [200/252]	BCEloss: 5.645e-02
Time: 7:48:00	epoch: 16 [252/252]	BCEloss: 5.537e-02
[0.95692082 0.93707467 0.92816453 0.95490495 0.87211823 0.88299511]
mean_auc: 0.922030
save model
Time: 8:01:04	epoch: 17 [100/252]	BCEloss: 4.441e-02
Time: 8:12:42	epoch: 17 [200/252]	BCEloss: 4.771e-02
Time: 8:18:48	epoch: 17 [252/252]	BCEloss: 4.724e-02
[0.96079965 0.92913714 0.9349641  0.96325967 0.88569581 0.88189039]
mean_auc: 0.925958
save model
Time: 8:31:37	epoch: 18 [100/252]	BCEloss: 4.699e-02
Time: 8:42:43	epoch: 18 [200/252]	BCEloss: 4.582e-02
Time: 8:48:39	epoch: 18 [252/252]	BCEloss: 4.843e-02
[0.95981125 0.91511006 0.92401967 0.96536281 0.88978756 0.88905771]
mean_auc: 0.923858
Time: 9:01:54	epoch: 19 [100/252]	BCEloss: 4.661e-02
Time: 9:13:44	epoch: 19 [200/252]	BCEloss: 4.410e-02
Time: 9:19:50	epoch: 19 [252/252]	BCEloss: 4.406e-02
[0.96143611 0.93422349 0.9283376  0.96232721 0.89294643 0.86690123]
mean_auc: 0.924362
Time: 9:33:03	epoch: 20 [100/252]	BCEloss: 3.261e-02
Time: 9:44:47	epoch: 20 [200/252]	BCEloss: 3.505e-02
Time: 9:50:51	epoch: 20 [252/252]	BCEloss: 3.456e-02
[0.95623409 0.93231684 0.93154671 0.96288872 0.85735837 0.87520288]
mean_auc: 0.919258
Time: 10:03:56	epoch: 21 [100/252]	BCEloss: 3.242e-02
Time: 10:15:40	epoch: 21 [200/252]	BCEloss: 3.211e-02
Time: 10:21:52	epoch: 21 [252/252]	BCEloss: 3.467e-02
[0.95579384 0.92572277 0.9306667  0.9586416  0.87085899 0.87430104]
mean_auc: 0.919331
Time: 10:35:13	epoch: 22 [100/252]	BCEloss: 4.082e-02
Time: 10:46:55	epoch: 22 [200/252]	BCEloss: 3.897e-02
Time: 10:53:09	epoch: 22 [252/252]	BCEloss: 3.783e-02
[0.9596322  0.92169827 0.93233872 0.95657249 0.88992303 0.87072775]
mean_auc: 0.921815
Time: 11:06:17	epoch: 23 [100/252]	BCEloss: 3.002e-02
Time: 11:18:11	epoch: 23 [200/252]	BCEloss: 3.274e-02
Time: 11:24:20	epoch: 23 [252/252]	BCEloss: 3.549e-02
[0.95401569 0.93180645 0.93595998 0.95952812 0.88447044 0.8607409 ]
mean_auc: 0.921087
Time: 11:37:19	epoch: 24 [100/252]	BCEloss: 3.099e-02
Time: 11:48:48	epoch: 24 [200/252]	BCEloss: 3.003e-02
Time: 11:54:59	epoch: 24 [252/252]	BCEloss: 3.133e-02
[0.95914168 0.93242831 0.9331982  0.95345521 0.87897475 0.86980074]
mean_auc: 0.921166
Time: 12:08:10	epoch: 25 [100/252]	BCEloss: 2.976e-02
Time: 12:19:48	epoch: 25 [200/252]	BCEloss: 2.835e-02
Time: 12:25:44	epoch: 25 [252/252]	BCEloss: 2.826e-02
[0.96178316 0.94064157 0.92744292 0.95640233 0.88727217 0.88215102]
mean_auc: 0.925949
Time: 12:38:54	epoch: 26 [100/252]	BCEloss: 2.616e-02
Time: 12:50:28	epoch: 26 [200/252]	BCEloss: 3.061e-02
Time: 12:56:25	epoch: 26 [252/252]	BCEloss: 3.227e-02
[0.95245336 0.92562303 0.93647185 0.95601608 0.88653633 0.87525915]
mean_auc: 0.922060
Time: 13:08:58	epoch: 27 [100/252]	BCEloss: 3.171e-02
Time: 13:20:20	epoch: 27 [200/252]	BCEloss: 3.598e-02
Time: 13:26:15	epoch: 27 [252/252]	BCEloss: 3.584e-02
[0.95851871 0.93449336 0.94136766 0.96376333 0.88365148 0.87258177]
mean_auc: 0.925729
Time: 13:39:09	epoch: 28 [100/252]	BCEloss: 1.691e-02
Time: 13:50:39	epoch: 28 [200/252]	BCEloss: 1.824e-02
Time: 13:56:33	epoch: 28 [252/252]	BCEloss: 1.972e-02
[0.95381212 0.91587858 0.93394035 0.959295   0.88798337 0.88607824]
mean_auc: 0.922831
Time: 14:09:25	epoch: 29 [100/252]	BCEloss: 2.254e-02
Time: 14:20:44	epoch: 29 [200/252]	BCEloss: 2.533e-02
Time: 14:26:38	epoch: 29 [252/252]	BCEloss: 2.695e-02
[0.95337555 0.91472286 0.93696759 0.95301791 0.87086207 0.87104761]
mean_auc: 0.916666
Time: 14:39:32	epoch: 30 [100/252]	BCEloss: 2.402e-02
Time: 14:50:50	epoch: 30 [200/252]	BCEloss: 2.467e-02
Time: 14:56:43	epoch: 30 [252/252]	BCEloss: 2.763e-02
[0.95738314 0.90368189 0.92774505 0.96197668 0.87841441 0.85641682]
mean_auc: 0.914270
[0.96079965 0.92913714 0.9349641  0.96325967 0.88569581 0.88189039]
mean_auc: 0.925958
