Time: 0:10:04	epoch: 1 [100/252]	BCEloss: 5.143e-01
Time: 0:20:05	epoch: 1 [200/252]	BCEloss: 5.068e-01
Time: 0:25:17	epoch: 1 [252/252]	BCEloss: 5.031e-01
ACC: 0.24194756554307117 out of total:1335
[0.82121081 0.69014291 0.72072783 0.7664525  0.65017549 0.68300636]
mean_auc: 0.721953
Time: 0:36:44	epoch: 2 [100/252]	BCEloss: 4.892e-01
Time: 0:46:49	epoch: 2 [200/252]	BCEloss: 4.791e-01
Time: 0:52:02	epoch: 2 [252/252]	BCEloss: 4.741e-01
ACC: 0.16928838951310862 out of total:1335
[0.84004699 0.71308725 0.71796752 0.801641   0.66000924 0.70802976]
mean_auc: 0.740130
Time: 1:03:27	epoch: 3 [100/252]	BCEloss: 4.536e-01
Time: 1:13:27	epoch: 3 [200/252]	BCEloss: 4.507e-01
Time: 1:18:39	epoch: 3 [252/252]	BCEloss: 4.486e-01
ACC: 0.2247191011235955 out of total:1335
[0.86103167 0.73721078 0.78584    0.85398134 0.69321736 0.73448366]
mean_auc: 0.777627
Time: 1:30:04	epoch: 4 [100/252]	BCEloss: 4.402e-01
Time: 1:40:14	epoch: 4 [200/252]	BCEloss: 4.341e-01
Time: 1:45:27	epoch: 4 [252/252]	BCEloss: 4.335e-01
ACC: 0.2898876404494382 out of total:1335
[0.86109054 0.72358263 0.7926249  0.83268106 0.69262315 0.71852602]
mean_auc: 0.770188
Time: 1:56:53	epoch: 5 [100/252]	BCEloss: 4.239e-01
Time: 2:06:56	epoch: 5 [200/252]	BCEloss: 4.265e-01
Time: 2:12:09	epoch: 5 [252/252]	BCEloss: 4.259e-01
ACC: 0.27490636704119853 out of total:1335
[0.88448124 0.77764936 0.82989933 0.88110098 0.72632697 0.74695241]
mean_auc: 0.807735
Time: 2:23:40	epoch: 6 [100/252]	BCEloss: 4.185e-01
Time: 2:33:44	epoch: 6 [200/252]	BCEloss: 4.156e-01
Time: 2:38:58	epoch: 6 [252/252]	BCEloss: 4.147e-01
ACC: 0.2539325842696629 out of total:1335
[0.88590132 0.7890834  0.8413835  0.88383031 0.71060345 0.7496209 ]
mean_auc: 0.810070
Time: 2:50:25	epoch: 7 [100/252]	BCEloss: 4.043e-01
Time: 3:00:28	epoch: 7 [200/252]	BCEloss: 3.994e-01
Time: 3:05:41	epoch: 7 [252/252]	BCEloss: 4.011e-01
ACC: 0.19176029962546817 out of total:1335
[0.87863173 0.78095227 0.8348098  0.88948973 0.72839901 0.66992454]
mean_auc: 0.797035
Time: 3:17:07	epoch: 8 [100/252]	BCEloss: 3.993e-01
Time: 3:27:09	epoch: 8 [200/252]	BCEloss: 3.933e-01
Time: 3:32:22	epoch: 8 [252/252]	BCEloss: 3.941e-01
ACC: 0.29363295880149815 out of total:1335
[0.91263741 0.78112827 0.86492972 0.88918685 0.74810653 0.76806637]
mean_auc: 0.827343
Time: 3:43:50	epoch: 9 [100/252]	BCEloss: 3.873e-01
Time: 3:53:53	epoch: 9 [200/252]	BCEloss: 3.865e-01
Time: 3:59:07	epoch: 9 [252/252]	BCEloss: 3.864e-01
ACC: 0.2868913857677903 out of total:1335
[0.90892904 0.789101   0.85980804 0.90499105 0.7406681  0.79087145]
mean_auc: 0.832395
Time: 4:10:34	epoch: 10 [100/252]	BCEloss: 3.849e-01
Time: 4:20:39	epoch: 10 [200/252]	BCEloss: 3.792e-01
Time: 4:25:52	epoch: 10 [252/252]	BCEloss: 3.777e-01
ACC: 0.349063670411985 out of total:1335
[0.90438432 0.79945558 0.85798055 0.90747534 0.75489532 0.78865166]
mean_auc: 0.835474
Time: 4:37:20	epoch: 11 [100/252]	BCEloss: 3.704e-01
Time: 4:47:23	epoch: 11 [200/252]	BCEloss: 3.715e-01
Time: 4:52:36	epoch: 11 [252/252]	BCEloss: 3.700e-01
ACC: 0.39325842696629215 out of total:1335
[0.91219103 0.7730558  0.86097846 0.91258006 0.78367303 0.80464928]
mean_auc: 0.841188
Time: 5:04:01	epoch: 12 [100/252]	BCEloss: 3.611e-01
Time: 5:14:03	epoch: 12 [200/252]	BCEloss: 3.655e-01
Time: 5:19:15	epoch: 12 [252/252]	BCEloss: 3.662e-01
ACC: 0.2973782771535581 out of total:1335
[0.91721156 0.79664547 0.86925058 0.915762   0.77691195 0.78219367]
mean_auc: 0.842996
Time: 5:30:42	epoch: 13 [100/252]	BCEloss: 3.646e-01
Time: 5:40:45	epoch: 13 [200/252]	BCEloss: 3.616e-01
Time: 5:45:58	epoch: 13 [252/252]	BCEloss: 3.622e-01
ACC: 0.3775280898876405 out of total:1335
[0.92039262 0.80660112 0.87660749 0.92653975 0.79293411 0.79118539]
mean_auc: 0.852377
Time: 5:57:26	epoch: 14 [100/252]	BCEloss: 3.469e-01
Time: 6:07:30	epoch: 14 [200/252]	BCEloss: 3.584e-01
Time: 6:12:43	epoch: 14 [252/252]	BCEloss: 3.542e-01
ACC: 0.4059925093632959 out of total:1335
[0.92032394 0.819801   0.88575963 0.91690545 0.77882389 0.81032685]
mean_auc: 0.855323
Time: 6:24:09	epoch: 15 [100/252]	BCEloss: 3.535e-01
Time: 6:34:11	epoch: 15 [200/252]	BCEloss: 3.496e-01
Time: 6:39:24	epoch: 15 [252/252]	BCEloss: 3.483e-01
ACC: 0.39775280898876403 out of total:1335
[0.92489074 0.82352631 0.88619963 0.92788399 0.80536638 0.81100804]
mean_auc: 0.863146
Time: 6:50:49	epoch: 16 [100/252]	BCEloss: 3.450e-01
Time: 7:00:50	epoch: 16 [200/252]	BCEloss: 3.438e-01
Time: 7:06:02	epoch: 16 [252/252]	BCEloss: 3.435e-01
ACC: 0.3895131086142322 out of total:1335
[0.92529787 0.83704299 0.88394387 0.93686829 0.81015394 0.81511   ]
mean_auc: 0.868069
save model
Time: 7:17:28	epoch: 17 [100/252]	BCEloss: 3.374e-01
Time: 7:27:30	epoch: 17 [200/252]	BCEloss: 3.364e-01
Time: 7:32:43	epoch: 17 [252/252]	BCEloss: 3.368e-01
ACC: 0.39775280898876403 out of total:1335
[0.92428739 0.83665579 0.88573029 0.93358426 0.81985222 0.79198505]
mean_auc: 0.865349
Time: 7:44:08	epoch: 18 [100/252]	BCEloss: 3.273e-01
Time: 7:54:09	epoch: 18 [200/252]	BCEloss: 3.295e-01
Time: 7:59:23	epoch: 18 [252/252]	BCEloss: 3.317e-01
ACC: 0.4142322097378277 out of total:1335
[0.9253739  0.84217041 0.89314    0.92472247 0.82142549 0.81164481]
mean_auc: 0.869746
save model
Time: 8:10:47	epoch: 19 [100/252]	BCEloss: 3.193e-01
Time: 8:20:48	epoch: 19 [200/252]	BCEloss: 3.215e-01
Time: 8:25:59	epoch: 19 [252/252]	BCEloss: 3.253e-01
ACC: 0.3970037453183521 out of total:1335
[0.92211313 0.84729784 0.89675686 0.92609054 0.8117734  0.81508038]
mean_auc: 0.869852
save model
Time: 8:37:27	epoch: 20 [100/252]	BCEloss: 3.186e-01
Time: 8:47:30	epoch: 20 [200/252]	BCEloss: 3.206e-01
Time: 8:52:44	epoch: 20 [252/252]	BCEloss: 3.226e-01
ACC: 0.36479400749063673 out of total:1335
[0.91904612 0.85601563 0.88975782 0.93840992 0.79877463 0.81853965]
mean_auc: 0.870091
save model
Time: 9:04:10	epoch: 21 [100/252]	BCEloss: 3.155e-01
Time: 9:14:11	epoch: 21 [200/252]	BCEloss: 3.155e-01
Time: 9:19:24	epoch: 21 [252/252]	BCEloss: 3.158e-01
ACC: 0.38277153558052435 out of total:1335
[0.93329098 0.86099639 0.88811513 0.94028164 0.82291872 0.81782291]
mean_auc: 0.877238
save model
Time: 9:30:51	epoch: 22 [100/252]	BCEloss: 3.020e-01
Time: 9:41:18	epoch: 22 [200/252]	BCEloss: 3.088e-01
Time: 9:46:50	epoch: 22 [252/252]	BCEloss: 3.124e-01
ACC: 0.4254681647940075 out of total:1335
[0.92828272 0.84618905 0.89138878 0.93379866 0.82470751 0.81506557]
mean_auc: 0.873239
Time: 9:59:02	epoch: 23 [100/252]	BCEloss: 3.022e-01
Time: 10:09:42	epoch: 23 [200/252]	BCEloss: 3.034e-01
Time: 10:15:15	epoch: 23 [252/252]	BCEloss: 3.030e-01
ACC: 0.4239700374531835 out of total:1335
[0.9264923  0.83289529 0.90248281 0.94317432 0.82584975 0.82257644]
mean_auc: 0.875578
Time: 10:27:27	epoch: 24 [100/252]	BCEloss: 3.018e-01
Time: 10:38:06	epoch: 24 [200/252]	BCEloss: 2.992e-01
Time: 10:43:39	epoch: 24 [252/252]	BCEloss: 3.003e-01
ACC: 0.4337078651685393 out of total:1335
[0.93257972 0.84065096 0.89704433 0.93890337 0.83092365 0.80911848]
mean_auc: 0.874870
Time: 10:55:50	epoch: 25 [100/252]	BCEloss: 2.862e-01
Time: 11:06:31	epoch: 25 [200/252]	BCEloss: 2.905e-01
Time: 11:12:03	epoch: 25 [252/252]	BCEloss: 2.912e-01
ACC: 0.40749063670411984 out of total:1335
[0.92717168 0.8631905  0.90497618 0.93562274 0.8304064  0.82006492]
mean_auc: 0.880239
save model
Time: 11:24:16	epoch: 26 [100/252]	BCEloss: 2.886e-01
Time: 11:34:56	epoch: 26 [200/252]	BCEloss: 2.889e-01
Time: 11:40:28	epoch: 26 [252/252]	BCEloss: 2.851e-01
ACC: 0.3543071161048689 out of total:1335
[0.93519177 0.83718966 0.88362706 0.94515495 0.82928879 0.79735757]
mean_auc: 0.871302
Time: 11:52:37	epoch: 27 [100/252]	BCEloss: 2.767e-01
Time: 12:03:16	epoch: 27 [200/252]	BCEloss: 2.809e-01
Time: 12:08:49	epoch: 27 [252/252]	BCEloss: 2.804e-01
ACC: 0.4434456928838951 out of total:1335
[0.92753712 0.84568452 0.90403163 0.94659447 0.83632389 0.83092843]
mean_auc: 0.881850
save model
Time: 12:20:59	epoch: 28 [100/252]	BCEloss: 2.671e-01
Time: 12:31:38	epoch: 28 [200/252]	BCEloss: 2.715e-01
Time: 12:37:11	epoch: 28 [252/252]	BCEloss: 2.723e-01
ACC: 0.41872659176029964 out of total:1335
[0.93238351 0.8710635  0.89797714 0.95381935 0.838008   0.81159446]
mean_auc: 0.884141
save model
Time: 12:49:22	epoch: 29 [100/252]	BCEloss: 2.584e-01
Time: 13:00:03	epoch: 29 [200/252]	BCEloss: 2.688e-01
Time: 13:05:36	epoch: 29 [252/252]	BCEloss: 2.683e-01
ACC: 0.3947565543071161 out of total:1335
[0.92842865 0.8550183  0.9064194  0.93943766 0.82321736 0.81704991]
mean_auc: 0.878262
Time: 13:17:47	epoch: 30 [100/252]	BCEloss: 2.557e-01
Time: 13:28:25	epoch: 30 [200/252]	BCEloss: 2.596e-01
Time: 13:33:56	epoch: 30 [252/252]	BCEloss: 2.587e-01
ACC: 0.450936329588015 out of total:1335
[0.93533157 0.85900174 0.90465938 0.94750652 0.83651478 0.83389013]
mean_auc: 0.886151
save model
ACC: 0.450936329588015 out of total:1335
[0.93533157 0.85900174 0.90465938 0.94750652 0.83651478 0.83389013]
mean_auc: 0.886151
