Time: 0:10:12	epoch: 1 [100/252]	BCEloss: 4.304e-01
Time: 0:20:17	epoch: 1 [200/252]	BCEloss: 3.988e-01
Time: 0:25:31	epoch: 1 [252/252]	BCEloss: 3.877e-01
ACC: 0.43820224719101125 out of total:1335
[0.93130436 0.82499883 0.90347136 0.94049604 0.84278633 0.81777553]
mean_auc: 0.876805
save model
Time: 0:37:11	epoch: 2 [100/252]	BCEloss: 3.364e-01
Time: 0:47:28	epoch: 2 [200/252]	BCEloss: 3.266e-01
Time: 0:52:49	epoch: 2 [252/252]	BCEloss: 3.247e-01
ACC: 0.4666666666666667 out of total:1335
[0.92493488 0.83061318 0.90526365 0.94238819 0.84756158 0.82743659]
mean_auc: 0.879700
save model
Time: 1:04:33	epoch: 3 [100/252]	BCEloss: 3.032e-01
Time: 1:14:49	epoch: 3 [200/252]	BCEloss: 3.007e-01
Time: 1:20:10	epoch: 3 [252/252]	BCEloss: 2.990e-01
ACC: 0.4397003745318352 out of total:1335
[0.94883819 0.89453583 0.92272018 0.95660312 0.86056958 0.85307602]
mean_auc: 0.906057
save model
Time: 1:32:00	epoch: 4 [100/252]	BCEloss: 2.850e-01
Time: 1:42:18	epoch: 4 [200/252]	BCEloss: 2.779e-01
Time: 1:47:39	epoch: 4 [252/252]	BCEloss: 2.769e-01
ACC: 0.5228464419475656 out of total:1335
[0.95697601 0.8833306  0.9262725  0.9575526  0.86834667 0.84079089]
mean_auc: 0.905545
Time: 1:59:25	epoch: 5 [100/252]	BCEloss: 2.499e-01
Time: 2:09:42	epoch: 5 [200/252]	BCEloss: 2.545e-01
Time: 2:15:03	epoch: 5 [252/252]	BCEloss: 2.555e-01
ACC: 0.5213483146067416 out of total:1335
[0.94760942 0.89620195 0.92222737 0.95963192 0.88355296 0.81923713]
mean_auc: 0.904743
Time: 2:26:48	epoch: 6 [100/252]	BCEloss: 2.289e-01
Time: 2:37:06	epoch: 6 [200/252]	BCEloss: 2.390e-01
Time: 2:42:28	epoch: 6 [252/252]	BCEloss: 2.416e-01
ACC: 0.5153558052434457 out of total:1335
[0.95258948 0.88784202 0.93405475 0.96200391 0.88467057 0.8687908 ]
mean_auc: 0.914992
save model
Time: 2:54:12	epoch: 7 [100/252]	BCEloss: 2.190e-01
Time: 3:04:29	epoch: 7 [200/252]	BCEloss: 2.227e-01
Time: 3:09:50	epoch: 7 [252/252]	BCEloss: 2.251e-01
ACC: 0.5423220973782772 out of total:1335
[0.94359815 0.87473014 0.9286104  0.96262668 0.8912931  0.85595775]
mean_auc: 0.909469
Time: 3:21:33	epoch: 8 [100/252]	BCEloss: 2.113e-01
Time: 3:31:50	epoch: 8 [200/252]	BCEloss: 2.104e-01
Time: 3:37:08	epoch: 8 [252/252]	BCEloss: 2.088e-01
ACC: 0.5453183520599251 out of total:1335
[0.95624758 0.90590534 0.92795039 0.9536594  0.89378387 0.85892538]
mean_auc: 0.916079
save model
Time: 3:48:52	epoch: 9 [100/252]	BCEloss: 1.874e-01
Time: 3:59:09	epoch: 9 [200/252]	BCEloss: 1.939e-01
Time: 4:04:30	epoch: 9 [252/252]	BCEloss: 1.973e-01
ACC: 0.5325842696629214 out of total:1335
[0.9537459  0.90855705 0.93338887 0.95901935 0.88377463 0.86552997]
mean_auc: 0.917336
save model
Time: 4:16:15	epoch: 10 [100/252]	BCEloss: 1.705e-01
Time: 4:26:31	epoch: 10 [200/252]	BCEloss: 1.728e-01
Time: 4:31:52	epoch: 10 [252/252]	BCEloss: 1.758e-01
ACC: 0.5692883895131086 out of total:1335
[0.95365515 0.89922913 0.92764532 0.96118715 0.88969828 0.86682719]
mean_auc: 0.916374
Time: 4:43:37	epoch: 11 [100/252]	BCEloss: 1.526e-01
Time: 4:53:54	epoch: 11 [200/252]	BCEloss: 1.610e-01
Time: 4:59:14	epoch: 11 [252/252]	BCEloss: 1.640e-01
ACC: 0.5220973782771535 out of total:1335
[0.94866651 0.88528418 0.92520768 0.95621516 0.89487685 0.87320077]
mean_auc: 0.913909
Time: 5:10:58	epoch: 12 [100/252]	BCEloss: 1.409e-01
Time: 5:21:15	epoch: 12 [200/252]	BCEloss: 1.472e-01
Time: 5:26:35	epoch: 12 [252/252]	BCEloss: 1.523e-01
ACC: 0.5363295880149813 out of total:1335
[0.95096952 0.89904139 0.92346232 0.95564343 0.8830665  0.86477177]
mean_auc: 0.912826
Time: 5:38:22	epoch: 13 [100/252]	BCEloss: 1.348e-01
Time: 5:48:39	epoch: 13 [200/252]	BCEloss: 1.376e-01
Time: 5:53:59	epoch: 13 [252/252]	BCEloss: 1.402e-01
ACC: 0.5438202247191011 out of total:1335
[0.95554367 0.89322758 0.92365299 0.95418348 0.88821736 0.88137802]
mean_auc: 0.916034
Time: 6:05:44	epoch: 14 [100/252]	BCEloss: 1.114e-01
Time: 6:16:01	epoch: 14 [200/252]	BCEloss: 1.170e-01
Time: 6:21:21	epoch: 14 [252/252]	BCEloss: 1.177e-01
ACC: 0.5588014981273408 out of total:1335
[0.95626597 0.90520721 0.92811173 0.96083323 0.8708867  0.87583076]
mean_auc: 0.916189
Time: 6:33:05	epoch: 15 [100/252]	BCEloss: 1.043e-01
Time: 6:43:21	epoch: 15 [200/252]	BCEloss: 1.103e-01
Time: 6:48:41	epoch: 15 [252/252]	BCEloss: 1.115e-01
ACC: 0.5692883895131086 out of total:1335
[0.95270844 0.91970949 0.9394727  0.94671699 0.88793719 0.8564257 ]
mean_auc: 0.917162
Time: 7:00:26	epoch: 16 [100/252]	BCEloss: 9.730e-02
Time: 7:10:43	epoch: 16 [200/252]	BCEloss: 1.000e-01
Time: 7:16:04	epoch: 16 [252/252]	BCEloss: 1.006e-01
ACC: 0.5273408239700375 out of total:1335
[0.9464248  0.91661191 0.93203659 0.95188296 0.84619458 0.84488692]
mean_auc: 0.906340
Time: 7:27:49	epoch: 17 [100/252]	BCEloss: 9.107e-02
Time: 7:38:06	epoch: 17 [200/252]	BCEloss: 9.330e-02
Time: 7:43:26	epoch: 17 [252/252]	BCEloss: 9.598e-02
ACC: 0.5565543071161049 out of total:1335
[0.95877869 0.92111747 0.93050243 0.95968637 0.88740456 0.85857293]
mean_auc: 0.919344
save model
Time: 7:55:10	epoch: 18 [100/252]	BCEloss: 7.941e-02
Time: 8:05:27	epoch: 18 [200/252]	BCEloss: 8.069e-02
Time: 8:10:47	epoch: 18 [252/252]	BCEloss: 8.274e-02
ACC: 0.5348314606741573 out of total:1335
[0.95232337 0.89765101 0.91262936 0.95111895 0.86340825 0.87544574]
mean_auc: 0.908763
Time: 8:22:30	epoch: 19 [100/252]	BCEloss: 7.457e-02
Time: 8:32:47	epoch: 19 [200/252]	BCEloss: 7.899e-02
Time: 8:38:08	epoch: 19 [252/252]	BCEloss: 8.194e-02
ACC: 0.547565543071161 out of total:1335
[0.95539161 0.91393673 0.93025016 0.9589615  0.8830665  0.85995012]
mean_auc: 0.916926
Time: 8:49:53	epoch: 20 [100/252]	BCEloss: 6.864e-02
Time: 9:00:08	epoch: 20 [200/252]	BCEloss: 6.865e-02
Time: 9:05:28	epoch: 20 [252/252]	BCEloss: 7.012e-02
ACC: 0.5385767790262173 out of total:1335
[0.95196039 0.92064228 0.93453582 0.96236464 0.87398707 0.85867956]
mean_auc: 0.917028
Time: 9:17:12	epoch: 21 [100/252]	BCEloss: 6.200e-02
Time: 9:27:27	epoch: 21 [200/252]	BCEloss: 6.403e-02
Time: 9:32:47	epoch: 21 [252/252]	BCEloss: 6.644e-02
ACC: 0.5535580524344569 out of total:1335
[0.95711949 0.91099756 0.92363099 0.94717982 0.89190887 0.87554051]
mean_auc: 0.917730
Time: 9:44:31	epoch: 22 [100/252]	BCEloss: 5.434e-02
Time: 9:54:46	epoch: 22 [200/252]	BCEloss: 5.988e-02
Time: 10:00:06	epoch: 22 [252/252]	BCEloss: 6.217e-02
ACC: 0.5842696629213483 out of total:1335
[0.95806988 0.92453184 0.93135604 0.96190522 0.87989532 0.86774236]
mean_auc: 0.920583
save model
Time: 10:11:48	epoch: 23 [100/252]	BCEloss: 6.300e-02
Time: 10:22:03	epoch: 23 [200/252]	BCEloss: 6.141e-02
Time: 10:27:22	epoch: 23 [252/252]	BCEloss: 6.253e-02
ACC: 0.5640449438202247 out of total:1335
[0.94727709 0.90295443 0.93042909 0.96704396 0.87890702 0.86377664]
mean_auc: 0.915065
Time: 10:39:05	epoch: 24 [100/252]	BCEloss: 5.641e-02
Time: 10:49:20	epoch: 24 [200/252]	BCEloss: 5.863e-02
Time: 10:54:40	epoch: 24 [252/252]	BCEloss: 5.913e-02
ACC: 0.5662921348314607 out of total:1335
[0.95429161 0.92376038 0.92834346 0.95910783 0.87374692 0.86331758]
mean_auc: 0.917095
Time: 11:06:26	epoch: 25 [100/252]	BCEloss: 5.292e-02
Time: 11:16:42	epoch: 25 [200/252]	BCEloss: 5.462e-02
Time: 11:22:02	epoch: 25 [252/252]	BCEloss: 5.648e-02
ACC: 0.5722846441947566 out of total:1335
[0.95645237 0.91625405 0.9261933  0.95556516 0.89237993 0.87324223]
mean_auc: 0.920015
Time: 11:33:46	epoch: 26 [100/252]	BCEloss: 4.772e-02
Time: 11:44:01	epoch: 26 [200/252]	BCEloss: 5.260e-02
Time: 11:49:21	epoch: 26 [252/252]	BCEloss: 5.145e-02
ACC: 0.5513108614232209 out of total:1335
[0.95572762 0.92164547 0.92302818 0.96034998 0.87799877 0.85508109]
mean_auc: 0.915639
Time: 12:01:01	epoch: 27 [100/252]	BCEloss: 4.889e-02
Time: 12:11:17	epoch: 27 [200/252]	BCEloss: 4.739e-02
Time: 12:16:37	epoch: 27 [252/252]	BCEloss: 4.833e-02
ACC: 0.5715355805243446 out of total:1335
[0.95668415 0.9184071  0.92146176 0.95526228 0.86936884 0.86484878]
mean_auc: 0.914339
Time: 12:28:21	epoch: 28 [100/252]	BCEloss: 4.156e-02
Time: 12:38:36	epoch: 28 [200/252]	BCEloss: 4.535e-02
Time: 12:43:57	epoch: 28 [252/252]	BCEloss: 4.999e-02
ACC: 0.549063670411985 out of total:1335
[0.95325169 0.91220022 0.91476486 0.95938689 0.89254772 0.8574386 ]
mean_auc: 0.914932
Time: 12:55:41	epoch: 29 [100/252]	BCEloss: 4.597e-02
Time: 13:05:58	epoch: 29 [200/252]	BCEloss: 4.773e-02
Time: 13:11:18	epoch: 29 [252/252]	BCEloss: 4.923e-02
ACC: 0.5872659176029963 out of total:1335
[0.95900065 0.9214812  0.93269659 0.95494409 0.8955234  0.87255216]
mean_auc: 0.922700
save model
Time: 13:23:01	epoch: 30 [100/252]	BCEloss: 4.034e-02
Time: 13:33:17	epoch: 30 [200/252]	BCEloss: 4.011e-02
Time: 13:38:37	epoch: 30 [252/252]	BCEloss: 3.981e-02
ACC: 0.5632958801498127 out of total:1335
[0.95276853 0.9378608  0.93224779 0.95617773 0.87673953 0.86154648]
mean_auc: 0.919557
ACC: 0.5872659176029963 out of total:1335
[0.95900065 0.9214812  0.93269659 0.95494409 0.8955234  0.87255216]
mean_auc: 0.922700
