Time: 0:19:58	epoch: 1 [100/252]	BCEloss: 4.723e-01
Time: 0:39:49	epoch: 1 [200/252]	BCEloss: 4.384e-01
Time: 0:50:10	epoch: 1 [252/252]	BCEloss: 4.295e-01
ACC: 0.3775280898876405 out of total:1335
[0.91994379 0.76498334 0.89242133 0.91871933 0.79617303 0.7700122 ]
mean_auc: 0.843709
save model
Time: 1:13:15	epoch: 2 [100/252]	BCEloss: 3.777e-01
Time: 1:33:20	epoch: 2 [200/252]	BCEloss: 3.727e-01
Time: 1:43:45	epoch: 2 [252/252]	BCEloss: 3.685e-01
ACC: 0.31760299625468164 out of total:1335
[0.91457253 0.81663303 0.90235668 0.93050782 0.83255542 0.8044153 ]
mean_auc: 0.866840
save model
Time: 2:06:54	epoch: 3 [100/252]	BCEloss: 3.361e-01
Time: 2:27:02	epoch: 3 [200/252]	BCEloss: 3.301e-01
Time: 2:37:35	epoch: 3 [252/252]	BCEloss: 3.327e-01
ACC: 0.4599250936329588 out of total:1335
[0.93580983 0.84336134 0.91673902 0.95299919 0.83361761 0.81669747]
mean_auc: 0.883204
save model
Time: 3:00:54	epoch: 4 [100/252]	BCEloss: 3.166e-01
Time: 3:21:10	epoch: 4 [200/252]	BCEloss: 3.106e-01
Time: 3:31:44	epoch: 4 [252/252]	BCEloss: 3.092e-01
ACC: 0.4794007490636704 out of total:1335
[0.94745981 0.851205   0.92094842 0.95930862 0.86545874 0.84727998]
mean_auc: 0.898610
save model
Time: 3:55:09	epoch: 5 [100/252]	BCEloss: 2.870e-01
Time: 4:15:27	epoch: 5 [200/252]	BCEloss: 2.886e-01
Time: 4:26:02	epoch: 5 [252/252]	BCEloss: 2.866e-01
ACC: 0.5131086142322098 out of total:1335
[0.95418001 0.86501502 0.90799463 0.94527065 0.87231527 0.86861902]
mean_auc: 0.902232
save model
Time: 4:49:24	epoch: 6 [100/252]	BCEloss: 2.676e-01
Time: 5:09:49	epoch: 6 [200/252]	BCEloss: 2.684e-01
Time: 5:20:26	epoch: 6 [252/252]	BCEloss: 2.699e-01
ACC: 0.46292134831460674 out of total:1335
[0.94408745 0.87451894 0.92656584 0.9561539  0.8678633  0.8500077 ]
mean_auc: 0.903200
save model
Time: 5:43:53	epoch: 7 [100/252]	BCEloss: 2.528e-01
Time: 6:04:12	epoch: 7 [200/252]	BCEloss: 2.564e-01
Time: 6:14:47	epoch: 7 [252/252]	BCEloss: 2.569e-01
ACC: 0.5288389513108614 out of total:1335
[0.95899207 0.90079551 0.92682104 0.96023087 0.88105603 0.87199832]
mean_auc: 0.916649
save model
Time: 6:38:19	epoch: 8 [100/252]	BCEloss: 2.468e-01
Time: 6:58:46	epoch: 8 [200/252]	BCEloss: 2.448e-01
Time: 7:09:22	epoch: 8 [252/252]	BCEloss: 2.445e-01
ACC: 0.5468164794007491 out of total:1335
[0.95633097 0.89544516 0.93007709 0.9544183  0.86626847 0.86690419]
mean_auc: 0.911574
Time: 7:32:36	epoch: 9 [100/252]	BCEloss: 2.239e-01
Time: 7:52:59	epoch: 9 [200/252]	BCEloss: 2.273e-01
Time: 8:03:37	epoch: 9 [252/252]	BCEloss: 2.306e-01
ACC: 0.4861423220973783 out of total:1335
[0.94435969 0.90164617 0.92310152 0.95645338 0.87322968 0.85789174]
mean_auc: 0.909447
Time: 8:27:03	epoch: 10 [100/252]	BCEloss: 2.067e-01
Time: 8:47:26	epoch: 10 [200/252]	BCEloss: 2.143e-01
Time: 8:58:01	epoch: 10 [252/252]	BCEloss: 2.149e-01
ACC: 0.550561797752809 out of total:1335
[0.95576686 0.89529849 0.92779492 0.956906   0.88866071 0.87450984]
mean_auc: 0.916489
Time: 9:21:24	epoch: 11 [100/252]	BCEloss: 1.988e-01
Time: 9:41:41	epoch: 11 [200/252]	BCEloss: 2.019e-01
Time: 9:52:14	epoch: 11 [252/252]	BCEloss: 2.011e-01
ACC: 0.5310861423220974 out of total:1335
[0.95522483 0.8979854  0.92229191 0.96155469 0.88998461 0.87039012]
mean_auc: 0.916239
Time: 10:15:36	epoch: 12 [100/252]	BCEloss: 1.887e-01
Time: 10:35:57	epoch: 12 [200/252]	BCEloss: 1.869e-01
Time: 10:46:32	epoch: 12 [252/252]	BCEloss: 1.907e-01
ACC: 0.5250936329588015 out of total:1335
[0.95473185 0.89634862 0.91757504 0.96636674 0.86028325 0.87486228]
mean_auc: 0.911695
Time: 11:10:05	epoch: 13 [100/252]	BCEloss: 1.767e-01
Time: 11:30:30	epoch: 13 [200/252]	BCEloss: 1.783e-01
Time: 11:41:06	epoch: 13 [252/252]	BCEloss: 1.810e-01
ACC: 0.5595505617977528 out of total:1335
[0.9590681  0.90574694 0.92879227 0.9589649  0.8854649  0.88152018]
mean_auc: 0.919926
save model
Time: 12:04:36	epoch: 14 [100/252]	BCEloss: 1.712e-01
Time: 12:25:00	epoch: 14 [200/252]	BCEloss: 1.691e-01
Time: 12:35:37	epoch: 14 [252/252]	BCEloss: 1.695e-01
ACC: 0.5430711610486891 out of total:1335
[0.95588704 0.89722861 0.93243846 0.9623204  0.87819889 0.87672519]
mean_auc: 0.917133
Time: 12:59:00	epoch: 15 [100/252]	BCEloss: 1.538e-01
Time: 13:19:21	epoch: 15 [200/252]	BCEloss: 1.553e-01
Time: 13:29:54	epoch: 15 [252/252]	BCEloss: 1.554e-01
ACC: 0.549063670411985 out of total:1335
[0.95366251 0.90562374 0.92819093 0.95649081 0.8763085  0.86968819]
mean_auc: 0.914994
Time: 13:53:08	epoch: 16 [100/252]	BCEloss: 1.457e-01
Time: 14:13:33	epoch: 16 [200/252]	BCEloss: 1.469e-01
Time: 14:24:09	epoch: 16 [252/252]	BCEloss: 1.465e-01
ACC: 0.5617977528089888 out of total:1335
[0.95016874 0.90847491 0.92256764 0.96248035 0.86987993 0.86975927]
mean_auc: 0.913888
Time: 14:47:34	epoch: 17 [100/252]	BCEloss: 1.355e-01
Time: 15:08:15	epoch: 17 [200/252]	BCEloss: 1.434e-01
Time: 15:18:50	epoch: 17 [252/252]	BCEloss: 1.453e-01
ACC: 0.5588014981273408 out of total:1335
[0.94871556 0.8947001  0.9305963  0.95997904 0.86980296 0.86950753]
mean_auc: 0.912217
Time: 15:42:09	epoch: 18 [100/252]	BCEloss: 1.307e-01
Time: 16:02:29	epoch: 18 [200/252]	BCEloss: 1.312e-01
Time: 16:13:02	epoch: 18 [252/252]	BCEloss: 1.330e-01
ACC: 0.5610486891385768 out of total:1335
[0.95439339 0.90853945 0.93241499 0.96269474 0.87944889 0.87693843]
mean_auc: 0.919072
Time: 16:36:22	epoch: 19 [100/252]	BCEloss: 1.099e-01
Time: 16:56:40	epoch: 19 [200/252]	BCEloss: 1.168e-01
Time: 17:07:12	epoch: 19 [252/252]	BCEloss: 1.199e-01
ACC: 0.5692883895131086 out of total:1335
[0.95583063 0.90807598 0.92717305 0.95426856 0.88277709 0.88905178]
mean_auc: 0.919530
Time: 17:30:33	epoch: 20 [100/252]	BCEloss: 1.052e-01
Time: 17:50:52	epoch: 20 [200/252]	BCEloss: 1.080e-01
Time: 18:01:32	epoch: 20 [252/252]	BCEloss: 1.108e-01
ACC: 0.549063670411985 out of total:1335
[0.95715996 0.89661262 0.92982482 0.96116673 0.88984606 0.88974482]
mean_auc: 0.920726
save model
Time: 18:24:58	epoch: 21 [100/252]	BCEloss: 1.003e-01
Time: 18:45:34	epoch: 21 [200/252]	BCEloss: 1.037e-01
Time: 18:56:06	epoch: 21 [252/252]	BCEloss: 1.062e-01
ACC: 0.549063670411985 out of total:1335
[0.95269495 0.9136786  0.90978692 0.94972537 0.8605234  0.87947069]
mean_auc: 0.910980
Time: 19:19:27	epoch: 22 [100/252]	BCEloss: 1.011e-01
Time: 19:40:44	epoch: 22 [200/252]	BCEloss: 9.865e-02
Time: 19:51:19	epoch: 22 [252/252]	BCEloss: 9.955e-02
ACC: 0.5797752808988764 out of total:1335
[0.95527511 0.92304759 0.92822026 0.96027511 0.88089594 0.87586334]
mean_auc: 0.920596
Time: 20:15:10	epoch: 23 [100/252]	BCEloss: 8.688e-02
Time: 20:37:02	epoch: 23 [200/252]	BCEloss: 8.842e-02
Time: 20:48:10	epoch: 23 [252/252]	BCEloss: 8.889e-02
ACC: 0.5595505617977528 out of total:1335
[0.95689507 0.90866265 0.9243306  0.95922354 0.88119458 0.89043786]
mean_auc: 0.920124
Time: 21:11:30	epoch: 24 [100/252]	BCEloss: 8.295e-02
Time: 21:32:25	epoch: 24 [200/252]	BCEloss: 8.200e-02
Time: 21:42:58	epoch: 24 [252/252]	BCEloss: 8.489e-02
ACC: 0.5445692883895131 out of total:1335
[0.95532171 0.91243488 0.93005362 0.95778741 0.88652709 0.88716222]
mean_auc: 0.921548
save model
Time: 22:06:17	epoch: 25 [100/252]	BCEloss: 6.939e-02
Time: 22:27:12	epoch: 25 [200/252]	BCEloss: 7.404e-02
Time: 22:37:44	epoch: 25 [252/252]	BCEloss: 7.537e-02
ACC: 0.5550561797752809 out of total:1335
[0.95039561 0.90507228 0.9306843  0.95919802 0.87889163 0.87474974]
mean_auc: 0.916499
Time: 23:02:26	epoch: 26 [100/252]	BCEloss: 6.999e-02
Time: 23:24:49	epoch: 26 [200/252]	BCEloss: 7.308e-02
Time: 23:36:01	epoch: 26 [252/252]	BCEloss: 7.685e-02
ACC: 0.5730337078651685 out of total:1335
[0.95444244 0.9181959  0.92422794 0.95995181 0.87555727 0.87951215]
mean_auc: 0.918648
Time: 23:59:19	epoch: 27 [100/252]	BCEloss: 6.584e-02
Time: 1 day, 0:19:36	epoch: 27 [200/252]	BCEloss: 6.835e-02
Time: 1 day, 0:30:08	epoch: 27 [252/252]	BCEloss: 6.924e-02
ACC: 0.5535580524344569 out of total:1335
[0.95288748 0.91530366 0.93148511 0.9541988  0.88407943 0.8758041 ]
mean_auc: 0.918960
Time: 1 day, 0:54:24	epoch: 28 [100/252]	BCEloss: 6.658e-02
Time: 1 day, 1:14:46	epoch: 28 [200/252]	BCEloss: 6.804e-02
Time: 1 day, 1:25:21	epoch: 28 [252/252]	BCEloss: 6.524e-02
ACC: 0.5707865168539326 out of total:1335
[0.95195425 0.90092458 0.92086628 0.95817197 0.86601755 0.88342159]
mean_auc: 0.913559
Time: 1 day, 1:48:42	epoch: 29 [100/252]	BCEloss: 5.237e-02
Time: 1 day, 2:09:00	epoch: 29 [200/252]	BCEloss: 5.829e-02
Time: 1 day, 2:19:32	epoch: 29 [252/252]	BCEloss: 5.776e-02
ACC: 0.5640449438202247 out of total:1335
[0.95633342 0.90042005 0.92558609 0.95303322 0.87285099 0.86861013]
mean_auc: 0.912806
Time: 1 day, 2:42:51	epoch: 30 [100/252]	BCEloss: 6.880e-02
Time: 1 day, 3:03:22	epoch: 30 [200/252]	BCEloss: 6.600e-02
Time: 1 day, 3:13:53	epoch: 30 [252/252]	BCEloss: 6.567e-02
ACC: 0.5700374531835206 out of total:1335
[0.95598269 0.88907401 0.92724638 0.9634077  0.8709806  0.87738269]
mean_auc: 0.914012
ACC: 0.5445692883895131 out of total:1335
[0.95532171 0.91243488 0.93005362 0.95778741 0.88652709 0.88716222]
mean_auc: 0.921548
