Time: 0:20:02	epoch: 10 [100/252]	BCEloss: 3.531e-01
Time: 0:39:59	epoch: 10 [200/252]	BCEloss: 3.546e-01
Time: 0:50:23	epoch: 10 [252/252]	BCEloss: 3.546e-01
ACC: 0.40074906367041196 out of total:1335
[0.93472822 0.82339724 0.88349799 0.93433976 0.80909175 0.78372191]
mean_auc: 0.861463
Time: 1:12:51	epoch: 11 [100/252]	BCEloss: 3.406e-01
Time: 1:32:47	epoch: 11 [200/252]	BCEloss: 3.428e-01
Time: 1:43:08	epoch: 11 [252/252]	BCEloss: 3.413e-01
ACC: 0.38277153558052435 out of total:1335
[0.93487538 0.79375323 0.88343053 0.93125311 0.81805111 0.79554797]
mean_auc: 0.859485
Time: 2:05:57	epoch: 12 [100/252]	BCEloss: 3.302e-01
Time: 2:25:55	epoch: 12 [200/252]	BCEloss: 3.337e-01
Time: 2:36:18	epoch: 12 [252/252]	BCEloss: 3.333e-01
ACC: 0.3887640449438202 out of total:1335
[0.93546892 0.82794387 0.89239199 0.94038714 0.82008621 0.80136771]
mean_auc: 0.869608
Time: 2:59:11	epoch: 13 [100/252]	BCEloss: 3.264e-01
Time: 3:19:10	epoch: 13 [200/252]	BCEloss: 3.265e-01
Time: 3:29:34	epoch: 13 [252/252]	BCEloss: 3.256e-01
ACC: 0.41647940074906364 out of total:1335
[0.93554495 0.85207913 0.89312534 0.93964526 0.82679187 0.80921622]
mean_auc: 0.876067
Time: 3:52:30	epoch: 14 [100/252]	BCEloss: 3.073e-01
Time: 4:12:33	epoch: 14 [200/252]	BCEloss: 3.155e-01
Time: 4:22:58	epoch: 14 [252/252]	BCEloss: 3.165e-01
ACC: 0.41722846441947564 out of total:1335
[0.92604592 0.83531234 0.88650177 0.94444029 0.81971983 0.80013268]
mean_auc: 0.868692
Time: 4:45:53	epoch: 15 [100/252]	BCEloss: 3.067e-01
Time: 5:05:55	epoch: 15 [200/252]	BCEloss: 3.089e-01
Time: 5:16:21	epoch: 15 [252/252]	BCEloss: 3.092e-01
ACC: 0.4157303370786517 out of total:1335
[0.93490481 0.84553785 0.89619072 0.93900206 0.82402401 0.81787919]
mean_auc: 0.876256
Time: 5:39:20	epoch: 16 [100/252]	BCEloss: 3.012e-01
Time: 5:59:22	epoch: 16 [200/252]	BCEloss: 3.022e-01
Time: 6:09:48	epoch: 16 [252/252]	BCEloss: 3.008e-01
ACC: 0.4419475655430712 out of total:1335
[0.93785042 0.85998146 0.90406977 0.94260599 0.84014778 0.80859426]
mean_auc: 0.882208
Time: 6:32:45	epoch: 17 [100/252]	BCEloss: 2.862e-01
Time: 6:52:58	epoch: 17 [200/252]	BCEloss: 2.934e-01
Time: 7:03:25	epoch: 17 [252/252]	BCEloss: 2.921e-01
ACC: 0.4322097378277154 out of total:1335
[0.93821831 0.84888182 0.90416657 0.94442327 0.83402094 0.80783903]
mean_auc: 0.879592
Time: 7:26:25	epoch: 18 [100/252]	BCEloss: 2.803e-01
Time: 7:46:31	epoch: 18 [200/252]	BCEloss: 2.834e-01
Time: 7:56:59	epoch: 18 [252/252]	BCEloss: 2.831e-01
ACC: 0.4659176029962547 out of total:1335
[0.93646959 0.84542639 0.90584446 0.94433479 0.84091441 0.82326059]
mean_auc: 0.882708
Time: 8:20:01	epoch: 19 [100/252]	BCEloss: 2.865e-01
Time: 8:40:07	epoch: 19 [200/252]	BCEloss: 2.939e-01
Time: 8:50:34	epoch: 19 [252/252]	BCEloss: 2.943e-01
ACC: 0.4599250936329588 out of total:1335
[0.94158577 0.86610621 0.91054666 0.94765285 0.84255542 0.81433996]
mean_auc: 0.887131
Time: 9:13:34	epoch: 20 [100/252]	BCEloss: 2.815e-01
Time: 9:33:40	epoch: 20 [200/252]	BCEloss: 2.811e-01
Time: 9:44:08	epoch: 20 [252/252]	BCEloss: 2.814e-01
ACC: 0.43670411985018726 out of total:1335
[0.93126266 0.84704557 0.90064652 0.94167693 0.80579126 0.81998199]
mean_auc: 0.874401
Time: 10:07:07	epoch: 21 [100/252]	BCEloss: 2.775e-01
Time: 10:27:15	epoch: 21 [200/252]	BCEloss: 2.745e-01
Time: 10:37:43	epoch: 21 [252/252]	BCEloss: 2.754e-01
ACC: 0.46741573033707867 out of total:1335
[0.93938944 0.85578683 0.90923251 0.94541699 0.84416256 0.82137103]
mean_auc: 0.885893
Time: 11:00:44	epoch: 22 [100/252]	BCEloss: 2.699e-01
Time: 11:20:50	epoch: 22 [200/252]	BCEloss: 2.731e-01
Time: 11:31:18	epoch: 22 [252/252]	BCEloss: 2.740e-01
ACC: 0.45318352059925093 out of total:1335
[0.94158577 0.86594194 0.90511698 0.94841175 0.8476016  0.82386774]
mean_auc: 0.888754
save model
Time: 11:54:19	epoch: 23 [100/252]	BCEloss: 2.559e-01
Time: 12:14:24	epoch: 23 [200/252]	BCEloss: 2.620e-01
Time: 12:24:51	epoch: 23 [252/252]	BCEloss: 2.633e-01
ACC: 0.4599250936329588 out of total:1335
[0.93179488 0.8442472  0.90344202 0.95033453 0.83892549 0.81136345]
mean_auc: 0.880018
Time: 12:47:50	epoch: 24 [100/252]	BCEloss: 2.528e-01
Time: 13:07:56	epoch: 24 [200/252]	BCEloss: 2.530e-01
Time: 13:18:24	epoch: 24 [252/252]	BCEloss: 2.529e-01
ACC: 0.49213483146067416 out of total:1335
[0.94073716 0.86099052 0.91233896 0.95302642 0.84341133 0.82905072]
mean_auc: 0.889926
save model
Time: 13:41:21	epoch: 25 [100/252]	BCEloss: 2.486e-01
Time: 14:01:27	epoch: 25 [200/252]	BCEloss: 2.471e-01
Time: 14:11:54	epoch: 25 [252/252]	BCEloss: 2.465e-01
ACC: 0.4764044943820225 out of total:1335
[0.94409971 0.85651429 0.90971359 0.94901411 0.85839286 0.83693476]
mean_auc: 0.892445
save model
Time: 14:34:51	epoch: 26 [100/252]	BCEloss: 2.284e-01
Time: 14:54:55	epoch: 26 [200/252]	BCEloss: 2.325e-01
Time: 15:05:21	epoch: 26 [252/252]	BCEloss: 2.348e-01
ACC: 0.4891385767790262 out of total:1335
[0.93982724 0.86208758 0.91037653 0.94768348 0.85251847 0.83105579]
mean_auc: 0.890592
Time: 15:28:17	epoch: 27 [100/252]	BCEloss: 2.240e-01
Time: 15:48:21	epoch: 27 [200/252]	BCEloss: 2.267e-01
Time: 15:58:48	epoch: 27 [252/252]	BCEloss: 2.265e-01
ACC: 0.4786516853932584 out of total:1335
[0.93465465 0.86805393 0.90585326 0.94632563 0.85907328 0.81462132]
mean_auc: 0.888097
Time: 16:21:45	epoch: 28 [100/252]	BCEloss: 2.106e-01
Time: 16:41:49	epoch: 28 [200/252]	BCEloss: 2.167e-01
Time: 16:52:15	epoch: 28 [252/252]	BCEloss: 2.170e-01
ACC: 0.501123595505618 out of total:1335
[0.94152691 0.85376871 0.89769261 0.94239159 0.85959052 0.82904775]
mean_auc: 0.887336
Time: 17:15:13	epoch: 29 [100/252]	BCEloss: 2.074e-01
Time: 17:35:16	epoch: 29 [200/252]	BCEloss: 2.097e-01
Time: 17:45:42	epoch: 29 [252/252]	BCEloss: 2.100e-01
ACC: 0.501123595505618 out of total:1335
[0.93939067 0.851117   0.91216589 0.94442327 0.84984914 0.82491618]
mean_auc: 0.886977
Time: 18:08:40	epoch: 30 [100/252]	BCEloss: 1.953e-01
Time: 18:28:46	epoch: 30 [200/252]	BCEloss: 2.014e-01
Time: 18:39:12	epoch: 30 [252/252]	BCEloss: 2.023e-01
ACC: 0.5123595505617977 out of total:1335
[0.94004307 0.85163913 0.9108136  0.94465128 0.85688424 0.83104098]
mean_auc: 0.889179
ACC: 0.4764044943820225 out of total:1335
[0.94409971 0.85651429 0.90971359 0.94901411 0.85839286 0.83693476]
mean_auc: 0.892445
